<?xml version="1.0" encoding="UTF-8"?>
<testng-results skipped="0" failed="0" total="1" passed="1">
  <reporter-output>
  </reporter-output>
  <suite name="Surefire suite" duration-ms="48416" started-at="2017-02-12T06:08:33Z" finished-at="2017-02-12T06:09:22Z">
    <groups>
      <group name="cucumber">
        <method signature="AbstractTestNGCucumberTests.feature(cucumber.api.testng.CucumberFeatureWrapper)[pri:0, instance:Runner.TestRunner@68837a77]" name="feature" class="cucumber.api.testng.AbstractTestNGCucumberTests"/>
      </group> <!-- cucumber -->
    </groups>
    <test name="Surefire test" duration-ms="48416" started-at="2017-02-12T06:08:33Z" finished-at="2017-02-12T06:09:22Z">
      <class name="Runner.TestRunner">
        <test-method status="PASS" signature="setUpClass()[pri:0, instance:Runner.TestRunner@68837a77]" name="setUpClass" is-config="true" duration-ms="379" started-at="2017-02-12T00:08:33Z" finished-at="2017-02-12T00:08:34Z">
          <reporter-output>
          </reporter-output>
        </test-method> <!-- setUpClass -->
        <test-method status="PASS" signature="feature(cucumber.api.testng.CucumberFeatureWrapper)[pri:0, instance:Runner.TestRunner@68837a77]" name="feature" duration-ms="47683" started-at="2017-02-12T00:08:34Z" description="Runs Cucumber Feature" data-provider="features" finished-at="2017-02-12T00:09:21Z">
          <params>
            <param index="0">
              <value>
                <![CDATA[LoginFeature]]>
              </value>
            </param>
          </params>
          <reporter-output>
          </reporter-output>
        </test-method> <!-- feature -->
        <test-method status="PASS" signature="tearDownClass()[pri:0, instance:Runner.TestRunner@68837a77]" name="tearDownClass" is-config="true" duration-ms="178" started-at="2017-02-12T00:09:21Z" finished-at="2017-02-12T00:09:22Z">
          <reporter-output>
          </reporter-output>
        </test-method> <!-- tearDownClass -->
      </class> <!-- Runner.TestRunner -->
    </test> <!-- Surefire test -->
  </suite> <!-- Surefire suite -->
</testng-results>
